{
  "stats": {
    "suites": 1,
    "tests": 1,
    "passes": 1,
    "pending": 0,
    "failures": 0,
    "start": "2025-09-18T06:22:47.878Z",
    "end": "2025-09-18T06:23:00.943Z",
    "duration": 13065,
    "testsRegistered": 1,
    "passPercent": 100,
    "pendingPercent": 0,
    "other": 0,
    "hasOther": false,
    "skipped": 0,
    "hasSkipped": false
  },
  "results": [
    {
      "uuid": "26f7a94d-cc5a-4898-bab6-ac96e994c17c",
      "title": "",
      "fullFile": "cypress\\e2e\\screenshot.cy.js",
      "file": "cypress\\e2e\\screenshot.cy.js",
      "beforeHooks": [],
      "afterHooks": [],
      "tests": [],
      "suites": [
        {
          "uuid": "7e61c5ac-51c9-487c-bb02-414e054c98e6",
          "title": "OrangeHRM Screenshot Examples",
          "fullFile": "",
          "file": "",
          "beforeHooks": [],
          "afterHooks": [],
          "tests": [
            {
              "title": "demonstrates screenshot capabilities",
              "fullTitle": "OrangeHRM Screenshot Examples demonstrates screenshot capabilities",
              "timedOut": null,
              "duration": 12597,
              "state": "passed",
              "speed": "slow",
              "pass": true,
              "fail": false,
              "pending": false,
              "context": null,
              "code": "// Visit login page\ncy.visit('/web/index.php/auth/login');\n// Capture entire page\ncy.screenshot('login-page');\n// Capture specific element\ncy.get('.orangehrm-login-branding').screenshot('login-logo');\n// Fill login form\ncy.get('input[name=\"username\"]').type('Admin');\ncy.get('input[name=\"password\"]').type('admin123');\n// Capture filled form\ncy.screenshot('login-form-filled');\n// Submit form\ncy.get('button[type=\"submit\"]').click();\n// Verify dashboard and capture\ncy.url().should('include', '/dashboard');\ncy.screenshot('dashboard-page');",
              "err": {},
              "uuid": "4e3b6b1b-3473-4a62-9a8d-bc295dd900c5",
              "parentUUID": "7e61c5ac-51c9-487c-bb02-414e054c98e6",
              "isHook": false,
              "skipped": false
            }
          ],
          "suites": [],
          "passes": [
            "4e3b6b1b-3473-4a62-9a8d-bc295dd900c5"
          ],
          "failures": [],
          "pending": [],
          "skipped": [],
          "duration": 12597,
          "root": false,
          "rootEmpty": false,
          "_timeout": 2000
        }
      ],
      "passes": [],
      "failures": [],
      "pending": [],
      "skipped": [],
      "duration": 0,
      "root": true,
      "rootEmpty": true,
      "_timeout": 2000
    }
  ],
  "meta": {
    "mocha": {
      "version": "7.2.0"
    },
    "mochawesome": {
      "options": {
        "quiet": false,
        "reportFilename": "mochawesome",
        "saveHtml": true,
        "saveJson": true,
        "consoleReporter": "spec",
        "useInlineDiffs": false,
        "code": true
      },
      "version": "7.1.4"
    },
    "marge": {
      "options": {
        "reportDir": "cypress/reports",
        "overwrite": false,
        "html": true,
        "json": true,
        "charts": true,
        "reportPageTitle": "OrangeHRM Test Report",
        "inlineAssets": true
      },
      "version": "6.3.0"
    }
  }
}