{
  "stats": {
    "suites": 1,
    "tests": 4,
    "passes": 4,
    "pending": 0,
    "failures": 0,
    "start": "2025-09-18T06:29:48.112Z",
    "end": "2025-09-18T06:30:21.627Z",
    "duration": 33515,
    "testsRegistered": 4,
    "passPercent": 100,
    "pendingPercent": 0,
    "other": 0,
    "hasOther": false,
    "skipped": 0,
    "hasSkipped": false
  },
  "results": [
    {
      "uuid": "08242dfd-3149-4440-a8fa-44a00f6e7e09",
      "title": "",
      "fullFile": "cypress\\e2e\\rest\\orangehrm-data-driven.cy.js",
      "file": "cypress\\e2e\\rest\\orangehrm-data-driven.cy.js",
      "beforeHooks": [],
      "afterHooks": [],
      "tests": [],
      "suites": [
        {
          "uuid": "ec0b264e-ebed-4d7f-bb31-d1db49c6cda4",
          "title": "OrangeHRM Data-Driven Login Tests",
          "fullFile": "",
          "file": "",
          "beforeHooks": [],
          "afterHooks": [],
          "tests": [
            {
              "title": "should handle login for: Valid credentials",
              "fullTitle": "OrangeHRM Data-Driven Login Tests should handle login for: Valid credentials",
              "timedOut": null,
              "duration": 12253,
              "state": "passed",
              "speed": "slow",
              "pass": true,
              "fail": false,
              "pending": false,
              "context": null,
              "code": "cy.visit('https://opensource-demo.orangehrmlive.com/web/index.php/auth/login');\n// Fill username and password conditionally\nif (testCase.username) {\n  cy.get('input[name=\"username\"]').type(testCase.username);\n}\nif (testCase.password) {\n  cy.get('input[name=\"password\"]').type(testCase.password);\n}\n// Submit the form\ncy.get('button[type=\"submit\"]').click();\nif (testCase.expected === 'success') {\n  // Expect dashboard URL and elements\n  cy.url().should('include', '/dashboard');\n  cy.get('.oxd-topbar-header-title').should('contain', 'Dashboard');\n  cy.get('.oxd-userdropdown-tab').should('be.visible');\n} else {\n  // Expect to remain on login or error message\n  cy.url().should('include', '/auth/login');\n  // Error message may or may not show depending on the scenario\n  cy.get('body').then($body => {\n    if ($body.find('.oxd-alert-content-text').length > 0) {\n      cy.get('.oxd-alert-content-text').should('be.visible').and('contain.text', 'Invalid credentials');\n    } else {\n      cy.log('No error message shown – likely due to empty fields');\n    }\n  });\n}",
              "err": {},
              "uuid": "b51c61b8-4a83-4b12-a27a-5669628be235",
              "parentUUID": "ec0b264e-ebed-4d7f-bb31-d1db49c6cda4",
              "isHook": false,
              "skipped": false
            },
            {
              "title": "should handle login for: Invalid credentials",
              "fullTitle": "OrangeHRM Data-Driven Login Tests should handle login for: Invalid credentials",
              "timedOut": null,
              "duration": 6710,
              "state": "passed",
              "speed": "medium",
              "pass": true,
              "fail": false,
              "pending": false,
              "context": null,
              "code": "cy.visit('https://opensource-demo.orangehrmlive.com/web/index.php/auth/login');\n// Fill username and password conditionally\nif (testCase.username) {\n  cy.get('input[name=\"username\"]').type(testCase.username);\n}\nif (testCase.password) {\n  cy.get('input[name=\"password\"]').type(testCase.password);\n}\n// Submit the form\ncy.get('button[type=\"submit\"]').click();\nif (testCase.expected === 'success') {\n  // Expect dashboard URL and elements\n  cy.url().should('include', '/dashboard');\n  cy.get('.oxd-topbar-header-title').should('contain', 'Dashboard');\n  cy.get('.oxd-userdropdown-tab').should('be.visible');\n} else {\n  // Expect to remain on login or error message\n  cy.url().should('include', '/auth/login');\n  // Error message may or may not show depending on the scenario\n  cy.get('body').then($body => {\n    if ($body.find('.oxd-alert-content-text').length > 0) {\n      cy.get('.oxd-alert-content-text').should('be.visible').and('contain.text', 'Invalid credentials');\n    } else {\n      cy.log('No error message shown – likely due to empty fields');\n    }\n  });\n}",
              "err": {},
              "uuid": "40723189-2e3e-4d25-a9ed-75975b281970",
              "parentUUID": "ec0b264e-ebed-4d7f-bb31-d1db49c6cda4",
              "isHook": false,
              "skipped": false
            },
            {
              "title": "should handle login for: Empty username",
              "fullTitle": "OrangeHRM Data-Driven Login Tests should handle login for: Empty username",
              "timedOut": null,
              "duration": 6461,
              "state": "passed",
              "speed": "medium",
              "pass": true,
              "fail": false,
              "pending": false,
              "context": null,
              "code": "cy.visit('https://opensource-demo.orangehrmlive.com/web/index.php/auth/login');\n// Fill username and password conditionally\nif (testCase.username) {\n  cy.get('input[name=\"username\"]').type(testCase.username);\n}\nif (testCase.password) {\n  cy.get('input[name=\"password\"]').type(testCase.password);\n}\n// Submit the form\ncy.get('button[type=\"submit\"]').click();\nif (testCase.expected === 'success') {\n  // Expect dashboard URL and elements\n  cy.url().should('include', '/dashboard');\n  cy.get('.oxd-topbar-header-title').should('contain', 'Dashboard');\n  cy.get('.oxd-userdropdown-tab').should('be.visible');\n} else {\n  // Expect to remain on login or error message\n  cy.url().should('include', '/auth/login');\n  // Error message may or may not show depending on the scenario\n  cy.get('body').then($body => {\n    if ($body.find('.oxd-alert-content-text').length > 0) {\n      cy.get('.oxd-alert-content-text').should('be.visible').and('contain.text', 'Invalid credentials');\n    } else {\n      cy.log('No error message shown – likely due to empty fields');\n    }\n  });\n}",
              "err": {},
              "uuid": "d0ebe1dd-62a5-4aad-86ad-20d0d2ac759c",
              "parentUUID": "ec0b264e-ebed-4d7f-bb31-d1db49c6cda4",
              "isHook": false,
              "skipped": false
            },
            {
              "title": "should handle login for: Empty password",
              "fullTitle": "OrangeHRM Data-Driven Login Tests should handle login for: Empty password",
              "timedOut": null,
              "duration": 7243,
              "state": "passed",
              "speed": "medium",
              "pass": true,
              "fail": false,
              "pending": false,
              "context": null,
              "code": "cy.visit('https://opensource-demo.orangehrmlive.com/web/index.php/auth/login');\n// Fill username and password conditionally\nif (testCase.username) {\n  cy.get('input[name=\"username\"]').type(testCase.username);\n}\nif (testCase.password) {\n  cy.get('input[name=\"password\"]').type(testCase.password);\n}\n// Submit the form\ncy.get('button[type=\"submit\"]').click();\nif (testCase.expected === 'success') {\n  // Expect dashboard URL and elements\n  cy.url().should('include', '/dashboard');\n  cy.get('.oxd-topbar-header-title').should('contain', 'Dashboard');\n  cy.get('.oxd-userdropdown-tab').should('be.visible');\n} else {\n  // Expect to remain on login or error message\n  cy.url().should('include', '/auth/login');\n  // Error message may or may not show depending on the scenario\n  cy.get('body').then($body => {\n    if ($body.find('.oxd-alert-content-text').length > 0) {\n      cy.get('.oxd-alert-content-text').should('be.visible').and('contain.text', 'Invalid credentials');\n    } else {\n      cy.log('No error message shown – likely due to empty fields');\n    }\n  });\n}",
              "err": {},
              "uuid": "2ea279c2-7921-4307-8afb-5c28d85868ad",
              "parentUUID": "ec0b264e-ebed-4d7f-bb31-d1db49c6cda4",
              "isHook": false,
              "skipped": false
            }
          ],
          "suites": [],
          "passes": [
            "b51c61b8-4a83-4b12-a27a-5669628be235",
            "40723189-2e3e-4d25-a9ed-75975b281970",
            "d0ebe1dd-62a5-4aad-86ad-20d0d2ac759c",
            "2ea279c2-7921-4307-8afb-5c28d85868ad"
          ],
          "failures": [],
          "pending": [],
          "skipped": [],
          "duration": 32667,
          "root": false,
          "rootEmpty": false,
          "_timeout": 2000
        }
      ],
      "passes": [],
      "failures": [],
      "pending": [],
      "skipped": [],
      "duration": 0,
      "root": true,
      "rootEmpty": true,
      "_timeout": 2000
    }
  ],
  "meta": {
    "mocha": {
      "version": "7.2.0"
    },
    "mochawesome": {
      "options": {
        "quiet": false,
        "reportFilename": "mochawesome",
        "saveHtml": true,
        "saveJson": true,
        "consoleReporter": "spec",
        "useInlineDiffs": false,
        "code": true
      },
      "version": "7.1.4"
    },
    "marge": {
      "options": {
        "reportDir": "cypress/reports",
        "overwrite": false,
        "html": true,
        "json": true,
        "charts": true,
        "reportPageTitle": "OrangeHRM Test Report",
        "inlineAssets": true
      },
      "version": "6.3.0"
    }
  }
}